[debug] [2023-03-26T14:02:15.472Z] ----------------------------------------------------------------------
[debug] [2023-03-26T14:02:15.474Z] Command:       C:\Program Files\nodejs\node.exe C:\Users\user\AppData\Roaming\npm\node_modules\firebase-tools\lib\bin\firebase.js init
[debug] [2023-03-26T14:02:15.475Z] CLI Version:   11.24.0
[debug] [2023-03-26T14:02:15.475Z] Platform:      win32
[debug] [2023-03-26T14:02:15.475Z] Node Version:  v18.13.0
[debug] [2023-03-26T14:02:15.476Z] Time:          Sun Mar 26 2023 17:02:15 GMT+0300 (Москва, стандартное время)
[debug] [2023-03-26T14:02:15.477Z] ----------------------------------------------------------------------
[debug] 
[debug] [2023-03-26T14:02:15.485Z] > command requires scopes: ["email","openid","https://www.googleapis.com/auth/cloudplatformprojects.readonly","https://www.googleapis.com/auth/firebase","https://www.googleapis.com/auth/cloud-platform"]
[debug] [2023-03-26T14:02:15.486Z] > authorizing via signed-in user (fedotovaanastasija2000@gmail.com)
[info] 
     ######## #### ########  ######## ########     ###     ######  ########
     ##        ##  ##     ## ##       ##     ##  ##   ##  ##       ##
     ######    ##  ########  ######   ########  #########  ######  ######
     ##        ##  ##    ##  ##       ##     ## ##     ##       ## ##
     ##       #### ##     ## ######## ########  ##     ##  ######  ########

You're about to initialize a Firebase project in this directory:

  C:\Users\user\WebstormProjects\isra_guru_project

[info] 
=== Project Setup
[info] 
[info] First, let's associate this project directory with a Firebase project.
[info] You can create multiple project aliases by running firebase use --add, 
[info] but for now we'll just set up a default project.
[info] 
[debug] [2023-03-26T14:02:37.216Z] > refreshing access token with scopes: []
[debug] [2023-03-26T14:02:37.221Z] >>> [apiv2][query] POST https://www.googleapis.com/oauth2/v3/token [none]
[debug] [2023-03-26T14:02:37.221Z] >>> [apiv2][body] POST https://www.googleapis.com/oauth2/v3/token [omitted]
[debug] [2023-03-26T14:02:37.752Z] <<< [apiv2][status] POST https://www.googleapis.com/oauth2/v3/token 200
[debug] [2023-03-26T14:02:37.753Z] <<< [apiv2][body] POST https://www.googleapis.com/oauth2/v3/token [omitted]
[debug] [2023-03-26T14:02:37.801Z] >>> [apiv2][query] GET https://firebase.googleapis.com/v1beta1/projects pageSize=100
[debug] [2023-03-26T14:02:38.618Z] <<< [apiv2][status] GET https://firebase.googleapis.com/v1beta1/projects 200
[debug] [2023-03-26T14:02:38.619Z] <<< [apiv2][body] GET https://firebase.googleapis.com/v1beta1/projects [omitted]
[debug] [2023-04-01T19:08:25.470Z] ----------------------------------------------------------------------
[debug] [2023-04-01T19:08:25.473Z] Command:       C:\Program Files\nodejs\node.exe C:\Users\user\AppData\Roaming\npm\node_modules\firebase-tools\lib\bin\firebase.js init
[debug] [2023-04-01T19:08:25.474Z] CLI Version:   11.24.0
[debug] [2023-04-01T19:08:25.474Z] Platform:      win32
[debug] [2023-04-01T19:08:25.475Z] Node Version:  v18.13.0
[debug] [2023-04-01T19:08:25.476Z] Time:          Sat Apr 01 2023 22:08:25 GMT+0300 (Москва, стандартное время)
[debug] [2023-04-01T19:08:25.476Z] ----------------------------------------------------------------------
[debug] 
[debug] [2023-04-01T19:08:25.496Z] >>> [apiv2][query] GET https://firebase-public.firebaseio.com/cli.json [none]
[debug] [2023-04-01T19:08:25.585Z] > command requires scopes: ["email","openid","https://www.googleapis.com/auth/cloudplatformprojects.readonly","https://www.googleapis.com/auth/firebase","https://www.googleapis.com/auth/cloud-platform"]
[debug] [2023-04-01T19:08:25.586Z] > authorizing via signed-in user (fedotovaanastasija2000@gmail.com)
[info] 
     ######## #### ########  ######## ########     ###     ######  ########
     ##        ##  ##     ## ##       ##     ##  ##   ##  ##       ##
     ######    ##  ########  ######   ########  #########  ######  ######
     ##        ##  ##    ##  ##       ##     ## ##     ##       ## ##
     ##       #### ##     ## ######## ########  ##     ##  ######  ########

You're about to initialize a Firebase project in this directory:

  C:\Users\user\WebstormProjects\isra_guru_project

[debug] [2023-04-01T19:08:26.131Z] <<< [apiv2][status] GET https://firebase-public.firebaseio.com/cli.json 200
[debug] [2023-04-01T19:08:26.132Z] <<< [apiv2][body] GET https://firebase-public.firebaseio.com/cli.json {"cloudBuildErrorAfter":1594252800000,"cloudBuildWarnAfter":1590019200000,"defaultNode10After":1594252800000,"minVersion":"3.0.5","node8DeploysDisabledAfter":1613390400000,"node8RuntimeDisabledAfter":1615809600000,"node8WarnAfter":1600128000000}
[debug] [2023-04-01T19:12:58.195Z] ----------------------------------------------------------------------
[debug] [2023-04-01T19:12:58.198Z] Command:       C:\Program Files\nodejs\node.exe C:\Users\user\AppData\Roaming\npm\node_modules\firebase-tools\lib\bin\firebase.js init functions
[debug] [2023-04-01T19:12:58.199Z] CLI Version:   11.24.0
[debug] [2023-04-01T19:12:58.199Z] Platform:      win32
[debug] [2023-04-01T19:12:58.200Z] Node Version:  v18.13.0
[debug] [2023-04-01T19:12:58.201Z] Time:          Sat Apr 01 2023 22:12:58 GMT+0300 (Москва, стандартное время)
[debug] [2023-04-01T19:12:58.201Z] ----------------------------------------------------------------------
[debug] 
[debug] [2023-04-01T19:12:58.213Z] > command requires scopes: ["email","openid","https://www.googleapis.com/auth/cloudplatformprojects.readonly","https://www.googleapis.com/auth/firebase","https://www.googleapis.com/auth/cloud-platform"]
[debug] [2023-04-01T19:12:58.214Z] > authorizing via signed-in user (fedotovaanastasija2000@gmail.com)
[info] 
     ######## #### ########  ######## ########     ###     ######  ########
     ##        ##  ##     ## ##       ##     ##  ##   ##  ##       ##
     ######    ##  ########  ######   ########  #########  ######  ######
     ##        ##  ##    ##  ##       ##     ## ##     ##       ## ##
     ##       #### ##     ## ######## ########  ##     ##  ######  ########

You're about to initialize a Firebase project in this directory:

  C:\Users\user\WebstormProjects\isra_guru_project

[info] 
=== Project Setup
[info] 
[info] First, let's associate this project directory with a Firebase project.
[info] You can create multiple project aliases by running firebase use --add, 
[info] but for now we'll just set up a default project.
[info] 
[debug] [2023-04-01T19:51:24.098Z] ----------------------------------------------------------------------
[debug] [2023-04-01T19:51:24.100Z] Command:       C:\Program Files\nodejs\node.exe C:\Users\user\AppData\Roaming\npm\node_modules\firebase-tools\lib\bin\firebase.js init hosting
[debug] [2023-04-01T19:51:24.101Z] CLI Version:   11.24.0
[debug] [2023-04-01T19:51:24.101Z] Platform:      win32
[debug] [2023-04-01T19:51:24.101Z] Node Version:  v18.13.0
[debug] [2023-04-01T19:51:24.102Z] Time:          Sat Apr 01 2023 22:51:24 GMT+0300 (Москва, стандартное время)
[debug] [2023-04-01T19:51:24.103Z] ----------------------------------------------------------------------
[debug] 
[debug] [2023-04-01T19:51:24.113Z] > command requires scopes: ["email","openid","https://www.googleapis.com/auth/cloudplatformprojects.readonly","https://www.googleapis.com/auth/firebase","https://www.googleapis.com/auth/cloud-platform"]
[debug] [2023-04-01T19:51:24.114Z] > authorizing via signed-in user (fedotovaanastasija2000@gmail.com)
[info] 
     ######## #### ########  ######## ########     ###     ######  ########
     ##        ##  ##     ## ##       ##     ##  ##   ##  ##       ##
     ######    ##  ########  ######   ########  #########  ######  ######
     ##        ##  ##    ##  ##       ##     ## ##     ##       ## ##
     ##       #### ##     ## ######## ########  ##     ##  ######  ########

You're about to initialize a Firebase project in this directory:

  C:\Users\user\WebstormProjects\isra_guru_project

[info] 
=== Project Setup
[info] 
[info] First, let's associate this project directory with a Firebase project.
[info] You can create multiple project aliases by running firebase use --add, 
[info] but for now we'll just set up a default project.
[info] 
[debug] [2023-04-01T19:51:37.218Z] > refreshing access token with scopes: []
[debug] [2023-04-01T19:51:37.222Z] >>> [apiv2][query] POST https://www.googleapis.com/oauth2/v3/token [none]
[debug] [2023-04-01T19:51:37.222Z] >>> [apiv2][body] POST https://www.googleapis.com/oauth2/v3/token [omitted]
[debug] [2023-04-01T19:51:37.678Z] <<< [apiv2][status] POST https://www.googleapis.com/oauth2/v3/token 200
[debug] [2023-04-01T19:51:37.679Z] <<< [apiv2][body] POST https://www.googleapis.com/oauth2/v3/token [omitted]
[debug] [2023-04-01T19:51:37.831Z] >>> [apiv2][query] GET https://firebase.googleapis.com/v1beta1/projects pageSize=100
[debug] [2023-04-01T19:51:38.643Z] <<< [apiv2][status] GET https://firebase.googleapis.com/v1beta1/projects 200
[debug] [2023-04-01T19:51:38.644Z] <<< [apiv2][body] GET https://firebase.googleapis.com/v1beta1/projects [omitted]
